Line 138: Class ChartfxLibCtl.Chartfx of control Power_Graph was not a loaded control class.
Line 144: The property name _ExtentX in Power_Graph is invalid.
Line 145: The property name _ExtentY in Power_Graph is invalid.
Line 146: The property name _StockProps in Power_Graph is invalid.
Line 147: The property name Type in Power_Graph is invalid.
Line 148: The property name Style in Power_Graph is invalid.
Line 149: The property name LeftGap in Power_Graph is invalid.
Line 150: The property name RightGap in Power_Graph is invalid.
Line 151: The property name TopGap in Power_Graph is invalid.
Line 152: The property name BottomGap in Power_Graph is invalid.
Line 153: The property name PointType in Power_Graph is invalid.
Line 154: The property name Scheme in Power_Graph is invalid.
Line 155: The property name Stacked in Power_Graph is invalid.
Line 156: The property name Grid in Power_Graph is invalid.
Line 157: The property name WallWidth in Power_Graph is invalid.
Line 158: The property name LineWidth in Power_Graph is invalid.
Line 159: The property name LineStyle in Power_Graph is invalid.
Line 160: The property name LineColor in Power_Graph is invalid.
Line 161: The property name LineBkColor in Power_Graph is invalid.
Line 162: The property name FixedGap in Power_Graph is invalid.
Line 163: The property name DblClk in Power_Graph is invalid.
Line 164: The property name RigClk in Power_Graph is invalid.
Line 165: The property name RGBBarHorz in Power_Graph is invalid.
Line 166: The property name RGBBk in Power_Graph is invalid.
Line 167: The property name RGB2DBk in Power_Graph is invalid.
Line 168: The property name RGB3DBk in Power_Graph is invalid.
Line 169: The property name CustTool in Power_Graph is invalid.
Line 170: The property name StatusBar in Power_Graph is invalid.
Line 171: The property name ShowStatus in Power_Graph is invalid.
Line 172: The property name VertGridGap in Power_Graph is invalid.
Line 173: The property name 3DView in Power_Graph is invalid.
Line 174: The property name XAngle in Power_Graph is invalid.
Line 175: The property name YAngle in Power_Graph is invalid.
Line 176: The property name Font000 in Power_Graph is invalid.
Line 177: The property name Font001 in Power_Graph is invalid.
Line 178: The property name Font002 in Power_Graph is invalid.
Line 179: The property name FT_002_He in Power_Graph is invalid.
Line 180: The property name FT_002_Wi in Power_Graph is invalid.
Line 181: The property name FT_002_Es in Power_Graph is invalid.
Line 182: The property name FT_002_Or in Power_Graph is invalid.
Line 183: The property name FT_002_We in Power_Graph is invalid.
Line 184: The property name FT_002_P1 in Power_Graph is invalid.
Line 185: The property name FT_002_P2 in Power_Graph is invalid.
Line 186: The property name FT_002_Na in Power_Graph is invalid.
Line 187: The property name Font003 in Power_Graph is invalid.
Line 188: The property name Font004 in Power_Graph is invalid.
Line 189: The property name Font005 in Power_Graph is invalid.
Line 190: The property name Font006 in Power_Graph is invalid.
Line 191: The property name Font007 in Power_Graph is invalid.
Line 192: The property name FontColors in Power_Graph is invalid.
Line 193: The property name FontColors000 in Power_Graph is invalid.
Line 194: The property name FontColors001 in Power_Graph is invalid.
Line 195: The property name FontColors002 in Power_Graph is invalid.
Line 196: The property name FontColors003 in Power_Graph is invalid.
Line 197: The property name FontColors004 in Power_Graph is invalid.
Line 198: The property name FontColors005 in Power_Graph is invalid.
Line 199: The property name FontColors006 in Power_Graph is invalid.
Line 200: The property name FontColors007 in Power_Graph is invalid.
Line 201: The property name Object.Left in Power_Graph is invalid.
Line 202: The property name Left000 in Power_Graph is invalid.
Line 203: The property name Left001 in Power_Graph is invalid.
Line 204: The property name Left002 in Power_Graph is invalid.
Line 205: The property name Left003 in Power_Graph is invalid.
Line 206: The property name Left004 in Power_Graph is invalid.
Line 207: The property name Left005 in Power_Graph is invalid.
Line 208: The property name Left006 in Power_Graph is invalid.
Line 209: The property name Left007 in Power_Graph is invalid.
Line 210: The property name Left008 in Power_Graph is invalid.
Line 211: The property name Left009 in Power_Graph is invalid.
Line 212: The property name Left010 in Power_Graph is invalid.
Line 213: The property name Left011 in Power_Graph is invalid.
Line 214: The property name Left012 in Power_Graph is invalid.
Line 215: The property name Left013 in Power_Graph is invalid.
Line 216: The property name Left014 in Power_Graph is invalid.
Line 217: The property name Left015 in Power_Graph is invalid.
Line 218: The property name Left016 in Power_Graph is invalid.
Line 219: The property name Left017 in Power_Graph is invalid.
Line 220: The property name Left018 in Power_Graph is invalid.
Line 221: The property name Left019 in Power_Graph is invalid.
Line 222: The property name Left020 in Power_Graph is invalid.
Line 223: The property name Left021 in Power_Graph is invalid.
Line 224: The property name Left022 in Power_Graph is invalid.
Line 225: The property name Left023 in Power_Graph is invalid.
Line 226: The property name Left024 in Power_Graph is invalid.
Line 227: The property name Left025 in Power_Graph is invalid.
Line 228: The property name Left026 in Power_Graph is invalid.
Line 229: The property name Left027 in Power_Graph is invalid.
Line 230: The property name Left028 in Power_Graph is invalid.
Line 231: The property name Left029 in Power_Graph is invalid.
Line 232: The property name Left030 in Power_Graph is invalid.
Line 233: The property name Left031 in Power_Graph is invalid.
Line 234: The property name Left032 in Power_Graph is invalid.
Line 235: The property name Left033 in Power_Graph is invalid.
Line 236: The property name Right in Power_Graph is invalid.
Line 237: The property name Right000 in Power_Graph is invalid.
Line 238: The property name Right001 in Power_Graph is invalid.
Line 239: The property name Right002 in Power_Graph is invalid.
Line 240: The property name Right003 in Power_Graph is invalid.
Line 241: The property name Right004 in Power_Graph is invalid.
Line 242: The property name Right005 in Power_Graph is invalid.
Line 243: The property name Right006 in Power_Graph is invalid.
Line 244: The property name Right007 in Power_Graph is invalid.
Line 245: The property name Right008 in Power_Graph is invalid.
Line 246: The property name Right009 in Power_Graph is invalid.
Line 247: The property name Right010 in Power_Graph is invalid.
Line 248: The property name Right011 in Power_Graph is invalid.
Line 249: The property name Right012 in Power_Graph is invalid.
Line 250: The property name Right013 in Power_Graph is invalid.
Line 251: The property name Right014 in Power_Graph is invalid.
Line 252: The property name Right015 in Power_Graph is invalid.
Line 253: The property name Right016 in Power_Graph is invalid.
Line 254: The property name Right017 in Power_Graph is invalid.
Line 255: The property name Right018 in Power_Graph is invalid.
Line 256: The property name Right019 in Power_Graph is invalid.
Line 257: The property name Right020 in Power_Graph is invalid.
Line 258: The property name Right021 in Power_Graph is invalid.
Line 259: The property name Right022 in Power_Graph is invalid.
Line 260: The property name Right023 in Power_Graph is invalid.
Line 261: The property name Right024 in Power_Graph is invalid.
Line 262: The property name Right025 in Power_Graph is invalid.
Line 263: The property name Right026 in Power_Graph is invalid.
Line 264: The property name Right027 in Power_Graph is invalid.
Line 265: The property name Right028 in Power_Graph is invalid.
Line 266: The property name Right029 in Power_Graph is invalid.
Line 267: The property name Right030 in Power_Graph is invalid.
Line 268: The property name Right031 in Power_Graph is invalid.
Line 269: The property name Right032 in Power_Graph is invalid.
Line 270: The property name Right033 in Power_Graph is invalid.
Line 271: The property name Right034 in Power_Graph is invalid.
Line 272: The property name Right035 in Power_Graph is invalid.
Line 273: The property name Right036 in Power_Graph is invalid.
Line 274: The property name Right037 in Power_Graph is invalid.
Line 275: The property name Right038 in Power_Graph is invalid.
Line 276: The property name Right039 in Power_Graph is invalid.
Line 277: The property name Right040 in Power_Graph is invalid.
Line 278: The property name Right041 in Power_Graph is invalid.
Line 279: The property name Object.Top in Power_Graph is invalid.
Line 280: The property name Top000 in Power_Graph is invalid.
Line 281: The property name Top001 in Power_Graph is invalid.
Line 282: The property name Top002 in Power_Graph is invalid.
Line 283: The property name Top003 in Power_Graph is invalid.
Line 284: The property name Top004 in Power_Graph is invalid.
Line 285: The property name Top005 in Power_Graph is invalid.
Line 286: The property name Top006 in Power_Graph is invalid.
Line 287: The property name Top007 in Power_Graph is invalid.
Line 288: The property name Top008 in Power_Graph is invalid.
Line 289: The property name Top009 in Power_Graph is invalid.
Line 290: The property name Top010 in Power_Graph is invalid.
Line 291: The property name Top011 in Power_Graph is invalid.
Line 292: The property name Top012 in Power_Graph is invalid.
Line 293: The property name Top013 in Power_Graph is invalid.
Line 294: The property name Top014 in Power_Graph is invalid.
Line 295: The property name Top015 in Power_Graph is invalid.
Line 296: The property name Top016 in Power_Graph is invalid.
Line 297: The property name Top017 in Power_Graph is invalid.
Line 298: The property name Top018 in Power_Graph is invalid.
Line 299: The property name Top019 in Power_Graph is invalid.
Line 300: The property name Top020 in Power_Graph is invalid.
Line 301: The property name Top021 in Power_Graph is invalid.
Line 302: The property name Top022 in Power_Graph is invalid.
Line 303: The property name Top023 in Power_Graph is invalid.
Line 304: The property name Top024 in Power_Graph is invalid.
Line 305: The property name Top025 in Power_Graph is invalid.
Line 306: The property name Top026 in Power_Graph is invalid.
Line 307: The property name Top027 in Power_Graph is invalid.
Line 308: The property name Top028 in Power_Graph is invalid.
Line 309: The property name Top029 in Power_Graph is invalid.
Line 310: The property name Top030 in Power_Graph is invalid.
Line 311: The property name Top031 in Power_Graph is invalid.
Line 312: The property name Top032 in Power_Graph is invalid.
Line 313: The property name Top033 in Power_Graph is invalid.
Line 314: The property name Top034 in Power_Graph is invalid.
Line 315: The property name Top035 in Power_Graph is invalid.
Line 316: The property name Top036 in Power_Graph is invalid.
Line 317: The property name Top037 in Power_Graph is invalid.
Line 318: The property name Bottom in Power_Graph is invalid.
Line 319: The property name Bottom000 in Power_Graph is invalid.
Line 320: The property name Bottom001 in Power_Graph is invalid.
Line 321: The property name Bottom002 in Power_Graph is invalid.
Line 322: The property name Bottom003 in Power_Graph is invalid.
Line 323: The property name Bottom004 in Power_Graph is invalid.
Line 324: The property name Bottom005 in Power_Graph is invalid.
Line 325: The property name Bottom006 in Power_Graph is invalid.
Line 326: The property name Bottom007 in Power_Graph is invalid.
Line 327: The property name Bottom008 in Power_Graph is invalid.
Line 328: The property name Bottom009 in Power_Graph is invalid.
Line 329: The property name Bottom010 in Power_Graph is invalid.
Line 330: The property name Bottom011 in Power_Graph is invalid.
Line 331: The property name Bottom012 in Power_Graph is invalid.
Line 332: The property name Bottom013 in Power_Graph is invalid.
Line 333: The property name Bottom014 in Power_Graph is invalid.
Line 334: The property name Bottom015 in Power_Graph is invalid.
Line 335: The property name Bottom016 in Power_Graph is invalid.
Line 336: The property name Bottom017 in Power_Graph is invalid.
Line 337: The property name Bottom018 in Power_Graph is invalid.
Line 338: The property name Bottom019 in Power_Graph is invalid.
Line 339: The property name Bottom020 in Power_Graph is invalid.
Line 340: The property name Bottom021 in Power_Graph is invalid.
Line 341: The property name Bottom022 in Power_Graph is invalid.
Line 342: The property name Bottom023 in Power_Graph is invalid.
Line 343: The property name Bottom024 in Power_Graph is invalid.
Line 344: The property name Bottom025 in Power_Graph is invalid.
Line 345: The property name Bottom026 in Power_Graph is invalid.
Line 346: The property name Bottom027 in Power_Graph is invalid.
Line 347: The property name Bottom028 in Power_Graph is invalid.
Line 348: The property name Bottom029 in Power_Graph is invalid.
Line 349: The property name Bottom030 in Power_Graph is invalid.
Line 350: The property name Bottom031 in Power_Graph is invalid.
Line 351: The property name Bottom032 in Power_Graph is invalid.
Line 352: The property name Bottom033 in Power_Graph is invalid.
Line 353: The property name Gap in Power_Graph is invalid.
Line 354: The property name Scale in Power_Graph is invalid.
Line 355: The property name NSeries in Power_Graph is invalid.
Line 356: The property name NPoints in Power_Graph is invalid.
Line 357: The property name Min in Power_Graph is invalid.
Line 358: The property name Max in Power_Graph is invalid.
Line 359: The property name NStripes in Power_Graph is invalid.
Line 360: The property name STV in Power_Graph is invalid.
Line 361: The property name STC in Power_Graph is invalid.
Line 362: The property name Fixed in Power_Graph is invalid.
Line 363: The property name FV in Power_Graph is invalid.
Line 364: The property name FS in Power_Graph is invalid.
