Line 111: Class ChartfxLibCtl.Chartfx of control Tempro_Graph was not a loaded control class.
Line 117: The property name _ExtentX in Tempro_Graph is invalid.
Line 118: The property name _ExtentY in Tempro_Graph is invalid.
Line 119: The property name _StockProps in Tempro_Graph is invalid.
Line 120: The property name Type in Tempro_Graph is invalid.
Line 121: The property name Style in Tempro_Graph is invalid.
Line 122: The property name LeftGap in Tempro_Graph is invalid.
Line 123: The property name RightGap in Tempro_Graph is invalid.
Line 124: The property name TopGap in Tempro_Graph is invalid.
Line 125: The property name BottomGap in Tempro_Graph is invalid.
Line 126: The property name PointType in Tempro_Graph is invalid.
Line 127: The property name Scheme in Tempro_Graph is invalid.
Line 128: The property name Stacked in Tempro_Graph is invalid.
Line 129: The property name Grid in Tempro_Graph is invalid.
Line 130: The property name WallWidth in Tempro_Graph is invalid.
Line 131: The property name LineWidth in Tempro_Graph is invalid.
Line 132: The property name LineStyle in Tempro_Graph is invalid.
Line 133: The property name LineColor in Tempro_Graph is invalid.
Line 134: The property name LineBkColor in Tempro_Graph is invalid.
Line 135: The property name FixedGap in Tempro_Graph is invalid.
Line 136: The property name DblClk in Tempro_Graph is invalid.
Line 137: The property name RigClk in Tempro_Graph is invalid.
Line 138: The property name RGBBarHorz in Tempro_Graph is invalid.
Line 139: The property name RGBBk in Tempro_Graph is invalid.
Line 140: The property name RGB2DBk in Tempro_Graph is invalid.
Line 141: The property name RGB3DBk in Tempro_Graph is invalid.
Line 142: The property name CustTool in Tempro_Graph is invalid.
Line 143: The property name StatusBar in Tempro_Graph is invalid.
Line 144: The property name ShowStatus in Tempro_Graph is invalid.
Line 145: The property name VertGridGap in Tempro_Graph is invalid.
Line 146: The property name 3DView in Tempro_Graph is invalid.
Line 147: The property name XAngle in Tempro_Graph is invalid.
Line 148: The property name YAngle in Tempro_Graph is invalid.
Line 149: The property name Font000 in Tempro_Graph is invalid.
Line 150: The property name Font001 in Tempro_Graph is invalid.
Line 151: The property name Font002 in Tempro_Graph is invalid.
Line 152: The property name FT_002_He in Tempro_Graph is invalid.
Line 153: The property name FT_002_Wi in Tempro_Graph is invalid.
Line 154: The property name FT_002_Es in Tempro_Graph is invalid.
Line 155: The property name FT_002_Or in Tempro_Graph is invalid.
Line 156: The property name FT_002_We in Tempro_Graph is invalid.
Line 157: The property name FT_002_P1 in Tempro_Graph is invalid.
Line 158: The property name FT_002_P2 in Tempro_Graph is invalid.
Line 159: The property name FT_002_Na in Tempro_Graph is invalid.
Line 160: The property name Font003 in Tempro_Graph is invalid.
Line 161: The property name Font004 in Tempro_Graph is invalid.
Line 162: The property name Font005 in Tempro_Graph is invalid.
Line 163: The property name Font006 in Tempro_Graph is invalid.
Line 164: The property name Font007 in Tempro_Graph is invalid.
Line 165: The property name FontColors in Tempro_Graph is invalid.
Line 166: The property name FontColors000 in Tempro_Graph is invalid.
Line 167: The property name FontColors001 in Tempro_Graph is invalid.
Line 168: The property name FontColors002 in Tempro_Graph is invalid.
Line 169: The property name FontColors003 in Tempro_Graph is invalid.
Line 170: The property name FontColors004 in Tempro_Graph is invalid.
Line 171: The property name FontColors005 in Tempro_Graph is invalid.
Line 172: The property name FontColors006 in Tempro_Graph is invalid.
Line 173: The property name FontColors007 in Tempro_Graph is invalid.
Line 174: The property name Object.Left in Tempro_Graph is invalid.
Line 175: The property name Left000 in Tempro_Graph is invalid.
Line 176: The property name Left001 in Tempro_Graph is invalid.
Line 177: The property name Left002 in Tempro_Graph is invalid.
Line 178: The property name Left003 in Tempro_Graph is invalid.
Line 179: The property name Left004 in Tempro_Graph is invalid.
Line 180: The property name Left005 in Tempro_Graph is invalid.
Line 181: The property name Left006 in Tempro_Graph is invalid.
Line 182: The property name Left007 in Tempro_Graph is invalid.
Line 183: The property name Left008 in Tempro_Graph is invalid.
Line 184: The property name Left009 in Tempro_Graph is invalid.
Line 185: The property name Right in Tempro_Graph is invalid.
Line 186: The property name Right000 in Tempro_Graph is invalid.
Line 187: The property name Right001 in Tempro_Graph is invalid.
Line 188: The property name Right002 in Tempro_Graph is invalid.
Line 189: The property name Right003 in Tempro_Graph is invalid.
Line 190: The property name Right004 in Tempro_Graph is invalid.
Line 191: The property name Right005 in Tempro_Graph is invalid.
Line 192: The property name Right006 in Tempro_Graph is invalid.
Line 193: The property name Right007 in Tempro_Graph is invalid.
Line 194: The property name Right008 in Tempro_Graph is invalid.
Line 195: The property name Right009 in Tempro_Graph is invalid.
Line 196: The property name Right010 in Tempro_Graph is invalid.
Line 197: The property name Right011 in Tempro_Graph is invalid.
Line 198: The property name Object.Top in Tempro_Graph is invalid.
Line 199: The property name Top000 in Tempro_Graph is invalid.
Line 200: The property name Top001 in Tempro_Graph is invalid.
Line 201: The property name Top002 in Tempro_Graph is invalid.
Line 202: The property name Top003 in Tempro_Graph is invalid.
Line 203: The property name Top004 in Tempro_Graph is invalid.
Line 204: The property name Top005 in Tempro_Graph is invalid.
Line 205: The property name Bottom in Tempro_Graph is invalid.
Line 206: The property name Bottom000 in Tempro_Graph is invalid.
Line 207: The property name Bottom001 in Tempro_Graph is invalid.
Line 208: The property name Bottom002 in Tempro_Graph is invalid.
Line 209: The property name Bottom003 in Tempro_Graph is invalid.
Line 210: The property name Bottom004 in Tempro_Graph is invalid.
Line 211: The property name Bottom005 in Tempro_Graph is invalid.
Line 212: The property name Bottom006 in Tempro_Graph is invalid.
Line 213: The property name Bottom007 in Tempro_Graph is invalid.
Line 214: The property name Gap in Tempro_Graph is invalid.
Line 215: The property name Scale in Tempro_Graph is invalid.
Line 216: The property name NSeries in Tempro_Graph is invalid.
Line 217: The property name NPoints in Tempro_Graph is invalid.
Line 218: The property name Min in Tempro_Graph is invalid.
Line 219: The property name Max in Tempro_Graph is invalid.
Line 220: The property name NStripes in Tempro_Graph is invalid.
Line 221: The property name STV in Tempro_Graph is invalid.
Line 222: The property name STC in Tempro_Graph is invalid.
Line 223: The property name Fixed in Tempro_Graph is invalid.
Line 224: The property name FV in Tempro_Graph is invalid.
Line 225: The property name FS in Tempro_Graph is invalid.
